<?xml version="1.0" encoding="UTF-8"?>
<testsuite name="ItemOnReceiptTests" tests="3" skipped="0" failures="0" errors="0" timestamp="2018-09-13T03:05:04" hostname="Jessicas-MacBook-Pro.local" time="0.001">
  <properties/>
  <testcase name="BOGO50AppliedtoOneItemOutOfTwo" classname="ItemOnReceiptTests" time="0.0"/>
  <testcase name="specialPriceOfABreadLoafReturns50cent" classname="ItemOnReceiptTests" time="0.001"/>
  <testcase name="BOGO50AppliedtoOneItemOutOfThree" classname="ItemOnReceiptTests" time="0.0"/>
  <system-out><![CDATA[]]></system-out>
  <system-err><![CDATA[]]></system-err>
</testsuite>
