<?xml version="1.0" encoding="UTF-8"?>
<testsuite name="ItemOnReceiptBuyNGetMForXPercentOffByWeightTests" tests="1" skipped="0" failures="0" errors="0" timestamp="2018-09-11T19:47:10" hostname="Jessicas-MacBook-Pro.local" time="0.001">
  <properties/>
  <testcase name="addOneItemTotalNumberOfItemsIs1" classname="ItemOnReceiptBuyNGetMForXPercentOffByWeightTests" time="0.001"/>
  <system-out><![CDATA[]]></system-out>
  <system-err><![CDATA[]]></system-err>
</testsuite>
