<?xml version="1.0" encoding="UTF-8"?>
<testsuite name="SpecialTests" tests="1" skipped="0" failures="0" errors="0" timestamp="2018-09-13T18:43:32" hostname="Jessicas-MacBook-Pro.local" time="0.0">
  <properties/>
  <testcase name="getNumberThatMustBePurchasedReturnsNumberUsedInConstructor" classname="SpecialTests" time="0.0"/>
  <system-out><![CDATA[]]></system-out>
  <system-err><![CDATA[]]></system-err>
</testsuite>
