<?xml version="1.0" encoding="UTF-8"?>
<testsuite name="TransactionTests" tests="14" skipped="0" failures="0" errors="0" timestamp="2018-09-19T02:30:34" hostname="Jessicas-MacBook-Pro.local" time="0.005">
  <properties/>
  <testcase name="itemWithXForYSpecialCanBeRemoved" classname="TransactionTests" time="0.0"/>
  <testcase name="testThatSpecialIsNotAppliedWhenOnlyOneItemOfEachTypeIsBought" classname="TransactionTests" time="0.0"/>
  <testcase name="scan1DollarItemTotalIncreasesBy1" classname="TransactionTests" time="0.0"/>
  <testcase name="whenTwoForOneSpecialAppliedTwoBreadsShouldReturn1" classname="TransactionTests" time="0.001"/>
  <testcase name="specialLimitSupportedByMForNWeight" classname="TransactionTests" time="0.0"/>
  <testcase name="itemWithMForNSpecialCanBeRemoved" classname="TransactionTests" time="0.0"/>
  <testcase name="whenSpecialIsAppliedScanningTwoBananasShouldReturn75cents" classname="TransactionTests" time="0.0"/>
  <testcase name="totalAfterItemAddedAndRemovedReturns0" classname="TransactionTests" time="0.0"/>
  <testcase name="itemWithMForNSpecialScannedByWeightCanBeRemoved" classname="TransactionTests" time="0.0"/>
  <testcase name="specialLimitSupportedByXforY" classname="TransactionTests" time="0.001"/>
  <testcase name="scanItemByWeightIncreasesTotalByWeightxPrice" classname="TransactionTests" time="0.0"/>
  <testcase name="newTransactionTotalReturns0" classname="TransactionTests" time="0.0"/>
  <testcase name="specialLimitSupportedBuyNGetM" classname="TransactionTests" time="0.0"/>
  <testcase name="whenItemsScannedByWeightTotalReturnsWeightTimesPriceOfItemAndSpecialApplies" classname="TransactionTests" time="0.0"/>
  <system-out><![CDATA[]]></system-out>
  <system-err><![CDATA[]]></system-err>
</testsuite>
