<?xml version="1.0" encoding="UTF-8"?>
<testsuite name="ItemOnReceiptBuyNGetMTests" tests="3" skipped="0" failures="0" errors="0" timestamp="2018-09-19T02:30:34" hostname="Jessicas-MacBook-Pro.local" time="0.002">
  <properties/>
  <testcase name="BOGO50AppliedtoOneItemOutOfTwo" classname="ItemOnReceiptBuyNGetMTests" time="0.0"/>
  <testcase name="specialPriceOfABreadLoafReturns50cent" classname="ItemOnReceiptBuyNGetMTests" time="0.0"/>
  <testcase name="BOGO50AppliedtoOneItemOutOfThree" classname="ItemOnReceiptBuyNGetMTests" time="0.0"/>
  <system-out><![CDATA[]]></system-out>
  <system-err><![CDATA[]]></system-err>
</testsuite>
