<?xml version="1.0" encoding="UTF-8"?>
<testsuite name="ItemOnReceiptXforYTests" tests="3" skipped="0" failures="0" errors="0" timestamp="2018-09-19T19:18:06" hostname="Jessicas-MacBook-Pro.local" time="0.0">
  <properties/>
  <testcase name="buyFourAtTwoForOneReturn2dollars" classname="ItemOnReceiptXforYTests" time="0.0"/>
  <testcase name="limitApplies" classname="ItemOnReceiptXforYTests" time="0.0"/>
  <testcase name="buyThreeAtTwoForOneReturn2dollars" classname="ItemOnReceiptXforYTests" time="0.0"/>
  <system-out><![CDATA[]]></system-out>
  <system-err><![CDATA[]]></system-err>
</testsuite>
