<?xml version="1.0" encoding="UTF-8"?>
<testsuite name="ItemOnReceiptBuyNGetMForXPercentOffByWeightTests" tests="3" skipped="0" failures="0" errors="0" timestamp="2018-09-12T01:34:59" hostname="Jessicas-MacBook-Pro.local" time="0.002">
  <properties/>
  <testcase name="addOneItemTotalNumberOfItemsIs1" classname="ItemOnReceiptBuyNGetMForXPercentOffByWeightTests" time="0.001"/>
  <testcase name="calculateSpecialPriceOf1lbItemAt1DollarPerPoundAt50percentOff" classname="ItemOnReceiptBuyNGetMForXPercentOffByWeightTests" time="0.001"/>
  <testcase name="calculatePriceAfterMarkdownReturnsOriginalPriceMinusMarkdown" classname="ItemOnReceiptBuyNGetMForXPercentOffByWeightTests" time="0.0"/>
  <system-out><![CDATA[]]></system-out>
  <system-err><![CDATA[]]></system-err>
</testsuite>
