<?xml version="1.0" encoding="UTF-8"?>
<testsuite name="ItemOnReceiptTests" tests="1" skipped="0" failures="0" errors="0" timestamp="2018-09-09T20:09:25" hostname="Jessicas-MacBook-Pro.local" time="0.001">
  <properties/>
  <testcase name="specialPriceOfABreadLoafReturns50cent" classname="ItemOnReceiptTests" time="0.001"/>
  <system-out><![CDATA[]]></system-out>
  <system-err><![CDATA[]]></system-err>
</testsuite>
