<?xml version="1.0" encoding="UTF-8"?>
<testsuite name="SpecialXForYTests" tests="1" skipped="0" failures="0" errors="0" timestamp="2018-09-13T18:59:11" hostname="Jessicas-MacBook-Pro.local" time="0.001">
  <properties/>
  <testcase name="getNumberThatMustBePurchasedGetsNumberUsedInConstructor" classname="SpecialXForYTests" time="0.001"/>
  <system-out><![CDATA[]]></system-out>
  <system-err><![CDATA[]]></system-err>
</testsuite>
