<?xml version="1.0" encoding="UTF-8"?>
<testsuite name="SpecialXForYTests" tests="2" skipped="0" failures="0" errors="0" timestamp="2018-09-19T02:30:34" hostname="Jessicas-MacBook-Pro.local" time="0.001">
  <properties/>
  <testcase name="getPriceForSetUsedInConstructor" classname="SpecialXForYTests" time="0.001"/>
  <testcase name="getNumberThatMustBePurchasedGetsNumberUsedInConstructor" classname="SpecialXForYTests" time="0.0"/>
  <system-out><![CDATA[]]></system-out>
  <system-err><![CDATA[]]></system-err>
</testsuite>
