<?xml version="1.0" encoding="UTF-8"?>
<testsuite name="ItemOnReceiptTests" tests="2" skipped="0" failures="0" errors="0" timestamp="2018-09-10T01:32:39" hostname="Jessicas-MacBook-Pro.local" time="0.001">
  <properties/>
  <testcase name="specialPriceOfABreadLoafReturns50cent" classname="ItemOnReceiptTests" time="0.001"/>
  <testcase name="getQuantityDiscountedWhenYouBuy1" classname="ItemOnReceiptTests" time="0.0"/>
  <system-out><![CDATA[]]></system-out>
  <system-err><![CDATA[]]></system-err>
</testsuite>
